Setting breakpad minidump AppID = 362960
Steam_SetMinidumpSteamID:  Caching Steam ID:  76561198061745961 [API loaded no]
ERROR: ld.so: object '/home/diego/.local/share/Steam/ubuntu12_32/gameoverlayrenderer.so' from LD_PRELOAD cannot be preloaded (wrong ELF class: ELFCLASS32): ignored.
Stacktrace:


Native stacktrace:

	/home/diego/.local/share/Steam/steamapps/common/Tyranny/Tyranny_Data/Mono/x86_64/libmono.so(+0x91a46) [0x7f384cb29a46]
	/home/diego/.local/share/Steam/steamapps/common/Tyranny/Tyranny_Data/Mono/x86_64/libmono.so(+0x348e4) [0x7f384cacc8e4]
	/lib/x86_64-linux-gnu/libpthread.so.0(+0x141f0) [0x7f38504dc1f0]
	/home/diego/.local/share/Steam/steamapps/common/Tyranny/Tyranny.x86_64() [0x6cb2ee]
	/home/diego/.local/share/Steam/steamapps/common/Tyranny/Tyranny.x86_64() [0xf1361e]
	/home/diego/.local/share/Steam/steamapps/common/Tyranny/Tyranny.x86_64() [0xf3abd3]
	/home/diego/.local/share/Steam/steamapps/common/Tyranny/Tyranny.x86_64() [0xf3ade8]
	/home/diego/.local/share/Steam/steamapps/common/Tyranny/Tyranny.x86_64() [0x743b66]
	/home/diego/.local/share/Steam/steamapps/common/Tyranny/Tyranny.x86_64() [0x7cb10e]
	/home/diego/.local/share/Steam/steamapps/common/Tyranny/Tyranny.x86_64() [0x466388]
	/lib/x86_64-linux-gnu/libc.so.6(__libc_start_main+0xd5) [0x7f384fd78565]
	/home/diego/.local/share/Steam/steamapps/common/Tyranny/Tyranny.x86_64() [0x46f845]

Debug info from gdb:

ERROR: ld.so: object '/home/diego/.local/share/Steam/ubuntu12_32/gameoverlayrenderer.so' from LD_PRELOAD cannot be preloaded (wrong ELF class: ELFCLASS32): ignored.
I refuse to debug myself!
No threads.

=================================================================
Got a SIGSEGV while executing native code. This usually indicates
a fatal error in the mono runtime or one of the native libraries 
used by your application.
=================================================================

XT_texture_env_dot3 GL_MESA_window_pos GL_NV_packed_depth_stencil GL_NV_texture_rectangle GL_ARB_depth_texture GL_ARB_occlusion_query GL_ARB_shadow GL_ARB_texture_env_combine GL_ARB_texture_env_crossbar GL_ARB_texture_env_dot3 GL_ARB_texture_mirrored_repeat GL_ARB_window_pos GL_ATI_fragment_shader GL_EXT_stencil_two_side GL_EXT_texture_cube_map GL_NV_copy_depth_to_color GL_NV_depth_clamp GL_NV_fog_distance GL_NV_half_float GL_APPLE_packed_pixels GL_ARB_draw_buffers GL_ARB_fragment_program GL_ARB_fragment_shader GL_ARB_shader_objects GL_ARB_vertex_program GL_ARB_vertex_shader GL_ATI_draw_buffers GL_ATI_texture_env_combine3 GL_ATI_texture_float GL_EXT_depth_bounds_test GL_EXT_shadow_funcs GL_EXT_stencil_wrap GL_MESA_pack_invert GL_NV_primitive_restart GL_ARB_depth_clamp GL_ARB_fragment_program_shadow GL_ARB_half_float_pixel GL_ARB_occlusion_query2 GL_ARB_point_sprite GL_ARB_shading_language_100 GL_ARB_sync GL_ARB_texture_non_power_of_two GL_ARB_vertex_buffer_object GL_ATI_blend_equation_separate GL_EXT_blend_equation_separate GL_OES_read_format GL_ARB_color_buffer_float GL_ARB_pixel_buffer_object GL_ARB_texture_compression_rgtc GL_ARB_texture_float GL_ARB_texture_rectangle GL_ATI_texture_compression_3dc GL_EXT_packed_float GL_EXT_pixel_buffer_object GL_EXT_texture_compression_dxt1 GL_EXT_texture_compression_rgtc GL_EXT_texture_mirror_clamp GL_EXT_texture_rectangle GL_EXT_texture_sRGB GL_EXT_texture_shared_exponent GL_ARB_framebuffer_object GL_EXT_framebuffer_blit GL_EXT_framebuffer_multisample GL_EXT_packed_depth_stencil GL_ARB_vertex_array_object GL_ATI_separate_stencil GL_ATI_texture_mirror_once GL_EXT_draw_buffers2 GL_EXT_draw_instanced GL_EXT_gpu_program_parameters GL_EXT_gpu_shader4 GL_EXT_texture_array GL_EXT_texture_compression_latc GL_EXT_texture_integer GL_EXT_texture_sRGB_decode GL_EXT_timer_query GL_OES_EGL_image GL_AMD_performance_monitor GL_EXT_texture_buffer_object GL_AMD_texture_texture4 GL_ARB_copy_buffer GL_ARB_depth_buffer_float GL_ARB_draw_instanced GL_ARB_half_float_vertex GL_ARB_instanced_arrays GL_ARB_map_buffer_range GL_ARB_texture_buffer_object GL_ARB_texture_rg GL_ARB_texture_swizzle GL_ARB_vertex_array_bgra GL_EXT_texture_swizzle GL_EXT_vertex_array_bgra GL_NV_conditional_render GL_AMD_conservative_depth GL_AMD_depth_clamp_separate GL_AMD_draw_buffers_blend GL_AMD_seamless_cubemap_per_texture GL_AMD_shader_stencil_export GL_ARB_ES2_compatibility GL_ARB_blend_func_extended GL_ARB_compatibility GL_ARB_debug_output GL_ARB_draw_buffers_blend GL_ARB_draw_elements_base_vertex GL_ARB_explicit_attrib_location GL_ARB_fragment_coord_conventions GL_ARB_provoking_vertex GL_ARB_sample_shading GL_ARB_sampler_objects GL_ARB_seamless_cube_map GL_ARB_shader_stencil_export GL_ARB_shader_texture_lod GL_ARB_tessellation_shader GL_ARB_texture_buffer_object_rgb32 GL_ARB_texture_cube_map_array GL_ARB_texture_gather GL_ARB_texture_multisample GL_ARB_texture_query_lod GL_ARB_texture_rgb10_a2ui GL_ARB_uniform_buffer_object GL_ARB_vertex_type_2_10_10_10_rev GL_ATI_meminfo GL_EXT_provoking_vertex GL_EXT_texture_snorm GL_MESA_texture_signed_rgba GL_NV_copy_image GL_NV_texture_barrier GL_ARB_draw_indirect GL_ARB_get_program_binary GL_ARB_gpu_shader5 GL_ARB_gpu_shader_fp64 GL_ARB_robustness GL_ARB_separate_shader_objects GL_ARB_shader_bit_encoding GL_ARB_shader_precision GL_ARB_shader_subroutine GL_ARB_texture_compression_bptc GL_ARB_timer_query GL_ARB_transform_feedback2 GL_ARB_transform_feedback3 GL_ARB_vertex_attrib_64bit GL_ARB_viewport_array GL_EXT_direct_state_access GL_EXT_shader_image_load_store GL_EXT_vertex_attrib_64bit GL_NV_vdpau_interop GL_AMD_multi_draw_indirect GL_ANGLE_texture_compression_dxt3 GL_ANGLE_texture_compression_dxt5 GL_ARB_base_instance GL_ARB_compressed_texture_pixel_storage GL_ARB_conservative_depth GL_ARB_internalformat_query GL_ARB_map_buffer_alignment GL_ARB_shader_atomic_counters GL_ARB_shader_image_load_store GL_ARB_shading_language_420pack GL_ARB_shading_language_packing GL_ARB_texture_storage GL_ARB_transform_feedback_instanced GL_EXT_framebuffer_multisample_blit_scaled GL_EXT_transform_feedback GL_AMD_query_buffer_object GL_AMD_shader_trinary_minmax GL_AMD_vertex_shader_layer GL_AMD_vertex_shader_viewport_index GL_ARB_ES3_compatibility GL_ARB_arrays_of_arrays GL_ARB_clear_buffer_object GL_ARB_compute_shader GL_ARB_copy_image GL_ARB_explicit_uniform_location GL_ARB_fragment_layer_viewport GL_ARB_framebuffer_no_attachments GL_ARB_invalidate_subdata GL_ARB_multi_draw_indirect GL_ARB_program_interface_query GL_ARB_robust_buffer_access_behavior GL_ARB_shader_image_size GL_ARB_shader_storage_buffer_object GL_ARB_stencil_texturing GL_ARB_texture_buffer_range GL_ARB_texture_query_levels GL_ARB_texture_storage_multisample GL_ARB_texture_view GL_ARB_vertex_attrib_binding GL_KHR_debug GL_KHR_robustness GL_KHR_texture_compression_astc_ldr GL_AMD_pinned_memory GL_ARB_bindless_texture GL_ARB_buffer_storage GL_ARB_clear_texture GL_ARB_compute_variable_group_size GL_ARB_enhanced_layouts GL_ARB_indirect_parameters GL_ARB_internalformat_query2 GL_ARB_multi_bind GL_ARB_query_buffer_object GL_ARB_seamless_cubemap_per_texture GL_ARB_shader_draw_parameters GL_ARB_shader_group_vote GL_ARB_shading_language_include GL_ARB_texture_mirror_clamp_to_edge GL_ARB_texture_stencil8 GL_ARB_vertex_type_10f_11f_11f_rev GL_EXT_shader_integer_mix GL_NVX_gpu_memory_info GL_ARB_ES3_1_compatibility GL_ARB_clip_control GL_ARB_conditional_render_inverted GL_ARB_cull_distance GL_ARB_derivative_control GL_ARB_direct_state_access GL_ARB_get_texture_sub_image GL_ARB_pipeline_statistics_query GL_ARB_shader_texture_image_samples GL_ARB_sparse_buffer GL_ARB_texture_barrier GL_ARB_transform_feedback_overflow_query GL_EXT_polygon_offset_clamp GL_EXT_shader_image_load_formatted GL_KHR_blend_equation_advanced GL_KHR_context_flush_control GL_KHR_robust_buffer_access_behavior GL_NV_shader_atomic_int64 GL_ARB_gpu_shader_int64 GL_ARB_parallel_shader_compile GL_ARB_shader_atomic_counter_ops GL_ARB_shader_ballot GL_ARB_shader_clock GL_ARB_shader_viewport_layer_array GL_EXT_shader_samples_identical GL_EXT_texture_sRGB_R8 GL_KHR_no_error GL_KHR_texture_compression_astc_sliced_3d GL_ARB_gl_spirv GL_ARB_spirv_extensions GL_EXT_window_rectangles GL_MESA_shader_integer_functions GL_ARB_polygon_offset_clamp GL_ARB_texture_filter_anisotropic GL_EXT_memory_object GL_EXT_memory_object_fd GL_EXT_semaphore GL_EXT_semaphore_fd GL_KHR_parallel_shader_compile GL_NV_alpha_to_coverage_dither_control GL_AMD_framebuffer_multisample_advanced GL_EXT_EGL_image_storage GL_EXT_texture_shadow_lod GL_INTEL_blackhole_render GL_MESA_framebuffer_flip_y GL_NV_compute_shader_derivatives GL_EXT_EGL_sync GL_EXT_demote_to_helper_invocation 
GLX Extensions: GLX_ARB_create_context GLX_ARB_create_context_no_error GLX_ARB_create_context_profile GLX_ARB_create_context_robustness GLX_ARB_fbconfig_float GLX_ARB_framebuffer_sRGB GLX_ARB_get_proc_address GLX_ARB_multisample GLX_EXT_buffer_age GLX_EXT_create_context_es2_profile GLX_EXT_create_context_es_profile GLX_EXT_fbconfig_packed_float GLX_EXT_framebuffer_sRGB GLX_EXT_import_context GLX_EXT_swap_control GLX_EXT_swap_control_tear GLX_EXT_texture_from_pixmap GLX_EXT_visual_info GLX_EXT_visual_rating GLX_INTEL_swap_event GLX_MESA_copy_sub_buffer GLX_MESA_query_renderer GLX_MESA_swap_control GLX_OML_swap_method GLX_OML_sync_control GLX_SGIS_multisample GLX_SGIX_fbconfig GLX_SGIX_pbuffer GLX_SGIX_visual_select_group GLX_SGI_make_current_read GLX_SGI_swap_control GLX_SGI_video_sync 
Setting maxVSyncInterval to 4
GL: Detected 8192 MB VRAM
AudioManager: Using PulseAudio: Default Output Device
Begin MonoManager ReloadAssembly
Platform assembly: /home/diego/.local/share/Steam/steamapps/common/Tyranny/Tyranny_Data/Managed/UnityEngine.dll (this message is harmless)
Loading /home/diego/.local/share/Steam/steamapps/common/Tyranny/Tyranny_Data/Managed/UnityEngine.dll into Unity Child Domain
Platform assembly: /home/diego/.local/share/Steam/steamapps/common/Tyranny/Tyranny_Data/Managed/Assembly-CSharp-firstpass.dll (this message is harmless)
Loading /home/diego/.local/share/Steam/steamapps/common/Tyranny/Tyranny_Data/Managed/Assembly-CSharp-firstpass.dll into Unity Child Domain
Platform assembly: /home/diego/.local/share/Steam/steamapps/common/Tyranny/Tyranny_Data/Managed/Assembly-CSharp.dll (this message is harmless)
Loading /home/diego/.local/share/Steam/steamapps/common/Tyranny/Tyranny_Data/Managed/Assembly-CSharp.dll into Unity Child Domain
Platform assembly: /home/diego/.local/share/Steam/steamapps/common/Tyranny/Tyranny_Data/Managed/UnityEngine.UI.dll (this message is harmless)
Loading /home/diego/.local/share/Steam/steamapps/common/Tyranny/Tyranny_Data/Managed/UnityEngine.UI.dll into Unity Child Domain
Platform assembly: /home/diego/.local/share/Steam/steamapps/common/Tyranny/Tyranny_Data/Managed/UnityEngine.Networking.dll (this message is harmless)
Loading /home/diego/.local/share/Steam/steamapps/common/Tyranny/Tyranny_Data/Managed/UnityEngine.Networking.dll into Unity Child Domain
Platform assembly: /home/diego/.local/share/Steam/steamapps/common/Tyranny/Tyranny_Data/Managed/MySql.Data.dll (this message is harmless)
Loading /home/diego/.local/share/Steam/steamapps/common/Tyranny/Tyranny_Data/Managed/MySql.Data.dll into Unity Child Domain
Platform assembly: /home/diego/.local/share/Steam/steamapps/common/Tyranny/Tyranny_Data/Managed/Newtonsoft.Json.dll (this message is harmless)
Loading /home/diego/.local/share/Steam/steamapps/common/Tyranny/Tyranny_Data/Managed/Newtonsoft.Json.dll into Unity Child Domain
Platform assembly: /home/diego/.local/share/Steam/steamapps/common/Tyranny/Tyranny_Data/Managed/OEICommon.dll (this message is harmless)
Loading /home/diego/.local/share/Steam/steamapps/common/Tyranny/Tyranny_Data/Managed/OEICommon.dll into Unity Child Domain
Platform assembly: /home/diego/.local/share/Steam/steamapps/common/Tyranny/Tyranny_Data/Managed/OEIFormats.dll (this message is harmless)
Loading /home/diego/.local/share/Steam/steamapps/common/Tyranny/Tyranny_Data/Managed/OEIFormats.dll into Unity Child Domain
Platform assembly: /home/diego/.local/share/Steam/steamapps/common/Tyranny/Tyranny_Data/Managed/PopsApiWrapper.dll (this message is harmless)
Loading /home/diego/.local/share/Steam/steamapps/common/Tyranny/Tyranny_Data/Managed/PopsApiWrapper.dll into Unity Child Domain
Platform assembly: /home/diego/.local/share/Steam/steamapps/common/Tyranny/Tyranny_Data/Managed/PopsApiWrapper.dll (this message is harmless)
Loading /home/diego/.local/share/Steam/steamapps/common/Tyranny/Tyranny_Data/Managed/PopsApiWrapper.dll into Unity Child Domain
Platform assembly: /home/diego/.local/share/Steam/steamapps/common/Tyranny/Tyranny_Data/Managed/GalaxyCSharp.dll (this message is harmless)
Loading /home/diego/.local/share/Steam/steamapps/common/Tyranny/Tyranny_Data/Managed/GalaxyCSharp.dll into Unity Child Domain
- Completed reload, in  0.115 seconds
Platform assembly: /home/diego/.local/share/Steam/steamapps/common/Tyranny/Tyranny_Data/Managed/System.Core.dll (this message is harmless)
Platform assembly: /home/diego/.local/share/Steam/steamapps/common/Tyranny/Tyranny_Data/Managed/System.dll (this message is harmless)
OnLevelWasLoaded was found on UISceneTransitionSubstitutes
This message has been deprecated and will be removed in a later version of Unity.
Add a delegate to SceneManager.sceneLoaded instead to get notifications after scene loading has completed
 
(Filename:  Line: 375)

Platform assembly: /home/diego/.local/share/Steam/steamapps/common/Tyranny/Tyranny_Data/Managed/System.Xml.dll (this message is harmless)
OnLevelWasLoaded was found on HudEngagementManager
This message has been deprecated and will be removed in a later version of Unity.
Add a delegate to SceneManager.sceneLoaded instead to get notifications after scene loading has completed
 
(Filename:  Line: 375)

OnLevelWasLoaded was found on GlobalTimerManager
This message has been deprecated and will be removed in a later version of Unity.
Add a delegate to SceneManager.sceneLoaded instead to get notifications after scene loading has completed
 
(Filename:  Line: 375)

OnLevelWasLoaded was found on UIBarkString
This message has been deprecated and will be removed in a later version of Unity.
Add a delegate to SceneManager.sceneLoaded instead to get notifications after scene loading has completed
 
(Filename:  Line: 375)

OnLevelWasLoaded was found on CompanionInstanceID
This message has been deprecated and will be removed in a later version of Unity.
Add a delegate to SceneManager.sceneLoaded instead to get notifications after scene loading has completed
 
(Filename:  Line: 375)

OnLevelWasLoaded was found on InstanceID
This message has been deprecated and will be removed in a later version of Unity.
Add a delegate to SceneManager.sceneLoaded instead to get notifications after scene loading has completed
 
(Filename:  Line: 375)

OnLevelWasLoaded was found on AnimationController
This message has been deprecated and will be removed in a later version of Unity.
Add a delegate to SceneManager.sceneLoaded instead to get notifications after scene loading has completed
 
(Filename:  Line: 375)

OnLevelWasLoaded was found on FXAnimationController
This message has been deprecated and will be removed in a later version of Unity.
Add a delegate to SceneManager.sceneLoaded instead to get notifications after scene loading has completed
 
(Filename:  Line: 375)

OnLevelWasLoaded was found on UICharacterOptions
This message has been deprecated and will be removed in a later version of Unity.
Add a delegate to SceneManager.sceneLoaded instead to get notifications after scene loading has completed
 
(Filename:  Line: 375)

OnLevelWasLoaded was found on GameState
This message has been deprecated and will be removed in a later version of Unity.
Add a delegate to SceneManager.sceneLoaded instead to get notifications after scene loading has completed
 
(Filename:  Line: 375)

OnLevelWasLoaded was found on SpecificCharacterInstanceID
This message has been deprecated and will be removed in a later version of Unity.
Add a delegate to SceneManager.sceneLoaded instead to get notifications after scene loading has completed
 
(Filename:  Line: 375)

Default vsync count 0
requesting resize 3840 x 2160
Using native desktop resolution 3840 x 2160

Selecting FBConfig
GLX_FBCONFIG_ID=407
GLX_BUFFER_SIZE=32
GLX_DOUBLEBUFFER=1
GLX_RED_SIZE=8
GLX_GREEN_SIZE=8
GLX_BLUE_SIZE=8
GLX_ALPHA_SIZE=8
GLX_DEPTH_SIZE=24
GLX_STENCIL_SIZE=8
GLX_SAMPLES_ARB=2
GLX_SAMPLE_BUFFERS_ARB=1
GLX_STEREO=0
GLX_CONFIG_CAVEAT=NONE

requesting fullscreen 3840 x 2160 at 0 Hz
Desktop is 3840 x 2160 @ 60 Hz
Using libudev for joystick management


Importing game controller configs
UnloadTime: 1.535000 ms
Distribution Platform = Steam
 
(Filename: /home/builduser/buildslave/unity/build/artifacts/generated/common/runtime/UnityEngineDebugBindings.gen.cpp Line: 42)

Changing real window size to 3840 x 2061
Changing real window size to 3840 x 2061
Changing real window size to 3840 x 2061
Changing real window size to 3840 x 2061
Changing real window size to 3840 x 2160
Changing real window size to 3840 x 2160
Changing real window size to 3840 x 2160
---- GAME BUILD VERSION: 160 ----

 
(Filename: /home/builduser/buildslave/unity/build/artifacts/generated/common/runtime/UnityEngineDebugBindings.gen.cpp Line: 42)

Could not find string for Table text/game/cyclopedia.stringtable ID 221
 
(Filename: /home/builduser/buildslave/unity/build/artifacts/generated/common/runtime/UnityEngineDebugBindings.gen.cpp Line: 42)

Set Environment Variable MONO_XMLSERIALIZER_THS: no
 
(Filename: /home/builduser/buildslave/unity/build/artifacts/generated/common/runtime/UnityEngineDebugBindings.gen.cpp Line: 42)

GameState.Start() - Creating RenderTexture
 
(Filename: /home/builduser/buildslave/unity/build/artifacts/generated/common/runtime/UnityEngineDebugBindings.gen.cpp Line: 42)

PopsApiWrapper: Universe = steam, Universe ID = 76561198061745961
 
(Filename: /home/builduser/buildslave/unity/build/artifacts/generated/common/runtime/UnityEngineDebugBindings.gen.cpp Line: 42)

POPSLog: Initializing file IO
 
(Filename: /home/builduser/buildslave/unity/build/artifacts/generated/common/runtime/UnityEngineDebugBindings.gen.cpp Line: 42)

POPSLog: Init complete
 
(Filename: /home/builduser/buildslave/unity/build/artifacts/generated/common/runtime/UnityEngineDebugBindings.gen.cpp Line: 42)

Unable to load ParadoxAccountData from disk. Reason: Could not find file "/home/diego/.config/unity3d/Obsidian Entertainment/Tyranny/ParadoxAccountData.dat".
 
(Filename: /home/builduser/buildslave/unity/build/artifacts/generated/common/runtime/UnityEngineDebugBindings.gen.cpp Line: 42)

Sending telemetry event 'hardware_report'
 
(Filename: /home/builduser/buildslave/unity/build/artifacts/generated/common/runtime/UnityEngineDebugBindings.gen.cpp Line: 42)

Unloading 10 Unused Serialized files (Serialized files now loaded: 26)
Sending telemetry event 'game_language'
 
(Filename: /home/builduser/buildslave/unity/build/artifacts/generated/common/runtime/UnityEngineDebugBindings.gen.cpp Line: 42)

GameState RenderTexture created the first time
 
(Filename: /home/builduser/buildslave/unity/build/artifacts/generated/common/runtime/UnityEngineDebugBindings.gen.cpp Line: 42)

requesting resize 3840 x 2160
Using native desktop resolution 3840 x 2160

Selecting FBConfig
GLX_FBCONFIG_ID=373
GLX_BUFFER_SIZE=32
GLX_DOUBLEBUFFER=1
GLX_RED_SIZE=8
GLX_GREEN_SIZE=8
GLX_BLUE_SIZE=8
GLX_ALPHA_SIZE=8
GLX_DEPTH_SIZE=24
GLX_STENCIL_SIZE=8
GLX_SAMPLES_ARB=0
GLX_SAMPLE_BUFFERS_ARB=0
GLX_STEREO=0
GLX_CONFIG_CAVEAT=NONE

requesting fullscreen 3840 x 2160 at 0 Hz
Desktop is 3840 x 2160 @ 60 Hz
Changing real window size to 3840 x 2061
Changing real window size to 3840 x 2061
Changing real window size to 3840 x 2160
Changing real window size to 3840 x 2160
Starting SaveGame Loader Thread
 
(Filename: /home/builduser/buildslave/unity/build/artifacts/generated/common/runtime/UnityEngineDebugBindings.gen.cpp Line: 42)

GameState Render Texture recreated frame count lost: 1
 
(Filename: /home/builduser/buildslave/unity/build/artifacts/generated/common/runtime/UnityEngineDebugBindings.gen.cpp Line: 42)

End SaveGame Loader Thread NumSaves: 2
 
(Filename: /home/builduser/buildslave/unity/build/artifacts/generated/common/runtime/UnityEngineDebugBindings.gen.cpp Line: 42)

OnlineServicesManager::ReconcileCloudSaves - No cloud saves to reconcile
 
(Filename: /home/builduser/buildslave/unity/build/artifacts/generated/common/runtime/UnityEngineDebugBindings.gen.cpp Line: 42)

UnloadTime: 0.239000 ms
Shader warmup: 48 shaders 387 combinations 0.382s
Platform assembly: /home/diego/.local/share/Steam/steamapps/common/Tyranny/Tyranny_Data/Managed/System.Configuration.dll (this message is harmless)
QUEST PRELOAD - Thread Started NumFiles: 220
 
(Filename: /home/builduser/buildslave/unity/build/artifacts/generated/common/runtime/UnityEngineDebugBindings.gen.cpp Line: 42)

BoxColliders does not support negative scale or size.
The effective box size has been forced positive and is likely to give unexpected collision geometry.
If you absolutely need to use negative scaling you can use the convex MeshCollider. Scene hierarchy path "UI Root (2D)/ParadoxGDPR/GDPRMainPanel/GDPRScrollBar2/ScrollbarDownArrow"
 
(Filename:  Line: 0)

BoxColliders does not support negative scale or size.
The effective box size has been forced positive and is likely to give unexpected collision geometry.
If you absolutely need to use negative scaling you can use the convex MeshCollider. Scene hierarchy path "UI Root (2D)/NewsParent/LargeNews/ImageCarausel/SpritePrevImage"
 
(Filename:  Line: 0)

BoxColliders does not support negative scale or size.
The effective box size has been forced positive and is likely to give unexpected collision geometry.
If you absolutely need to use negative scaling you can use the convex MeshCollider. Scene hierarchy path "UI Root (2D)/NewsParent/LargeNews/NewsArea/SpritePrev"
 
(Filename:  Line: 0)

ASYNC LOADING INGAMEGLOBAL.PREFAB
 
(Filename: /home/builduser/buildslave/unity/build/artifacts/generated/common/runtime/UnityEngineDebugBindings.gen.cpp Line: 42)

Platform assembly: /home/diego/.local/share/Steam/steamapps/common/Tyranny/Tyranny_Data/Managed/Mono.Security.dll (this message is harmless)
ASYNC LOADING CLASSBASEDINSTRUCTIONSETS
 
(Filename: /home/builduser/buildslave/unity/build/artifacts/generated/common/runtime/UnityEngineDebugBindings.gen.cpp Line: 42)

ASYNC LOADING RECIPES
 
(Filename: /home/builduser/buildslave/unity/build/artifacts/generated/common/runtime/UnityEngineDebugBindings.gen.cpp Line: 42)


Unloading 171 unused Assets to reduce memory usage. Loaded Objects now: 12808.
Total: 22.955000 ms (FindLiveObjects: 1.458000 ms CreateObjectMapping: 0.697000 ms MarkObjects: 18.856001 ms  DeleteObjects: 1.942000 ms)

POPSLog: Pushing task: 1
 
(Filename: /home/builduser/buildslave/unity/build/artifacts/generated/common/runtime/UnityEngineDebugBindings.gen.cpp Line: 42)

BeginLegalDocument took: 0.004015923
 
(Filename: /home/builduser/buildslave/unity/build/artifacts/generated/common/runtime/UnityEngineDebugBindings.gen.cpp Line: 42)

Unable to access the news system from the feed manager. Check your internet connection and try again.
 
(Filename: /home/builduser/buildslave/unity/build/artifacts/generated/common/runtime/UnityEngineDebugBindings.gen.cpp Line: 42)

POPSLog: [CurlCallManager::update] FAIL '0x580a4f0' http status was none of 100, 200, 304: 0
 
(Filename: /home/builduser/buildslave/unity/build/artifacts/generated/common/runtime/UnityEngineDebugBindings.gen.cpp Line: 42)

POPS SDK error: [CurlCallManager::update] FAIL '0x580a4f0' http status was none of 100, 200, 304: 0
 
(Filename: /home/builduser/buildslave/unity/build/artifacts/generated/common/runtime/UnityEngineDebugBindings.gen.cpp Line: 42)

POPSLog: Popping task: 1
 
(Filename: /home/builduser/buildslave/unity/build/artifacts/generated/common/runtime/UnityEngineDebugBindings.gen.cpp Line: 42)

Exception of type 'System.ApplicationException' was thrown.
 
(Filename: /home/builduser/buildslave/unity/build/artifacts/generated/common/runtime/UnityEngineDebugBindings.gen.cpp Line: 42)

OnlineServicesManager::Coroutine_GetLegalDocument - Exception of type 'System.ApplicationException' was thrown.
 
(Filename: /home/builduser/buildslave/unity/build/artifacts/generated/common/runtime/UnityEngineDebugBindings.gen.cpp Line: 42)

GameOptions: Difficulty being changed: [Easy] -> [Easy]
 
(Filename: /home/builduser/buildslave/unity/build/artifacts/generated/common/runtime/UnityEngineDebugBindings.gen.cpp Line: 42)

GameOptions: Difficulty being changed: [Easy] -> [Easy]
 
(Filename: /home/builduser/buildslave/unity/build/artifacts/generated/common/runtime/UnityEngineDebugBindings.gen.cpp Line: 42)

GameOptions: Difficulty being changed: [Easy] -> [Easy]
 
(Filename: /home/builduser/buildslave/unity/build/artifacts/generated/common/runtime/UnityEngineDebugBindings.gen.cpp Line: 42)

GameOptions: Difficulty being changed: [Easy] -> [Easy]
 
(Filename: /home/builduser/buildslave/unity/build/artifacts/generated/common/runtime/UnityEngineDebugBindings.gen.cpp Line: 42)

Preload Thread Ended
 
(Filename: /home/builduser/buildslave/unity/build/artifacts/generated/common/runtime/UnityEngineDebugBindings.gen.cpp Line: 42)

requesting resize 2560 x 1440
resizing window to 2560 x 1440
Desktop is 3840 x 2160 @ 60 Hz
GameState Render Texture recreated frame count lost: 1
 
(Filename: /home/builduser/buildslave/unity/build/artifacts/generated/common/runtime/UnityEngineDebugBindings.gen.cpp Line: 42)

QuerySomethingChanged() Something changed
 
(Filename: /home/builduser/buildslave/unity/build/artifacts/generated/common/runtime/UnityEngineDebugBindings.gen.cpp Line: 42)

--->MatchResolutionToIndex(3840x2061) returning 2
 
(Filename: /home/builduser/buildslave/unity/build/artifacts/generated/common/runtime/UnityEngineDebugBindings.gen.cpp Line: 42)

--->TryChangeResolutionAndDisplayMode(2, Windowed)...
 
(Filename: /home/builduser/buildslave/unity/build/artifacts/generated/common/runtime/UnityEngineDebugBindings.gen.cpp Line: 42)

--->TryChangeResolutionAndDisplayMode(2, Windowed) _currentResolutionIndex is 4, _currentDisplayMode is Windowed
 
(Filename: /home/builduser/buildslave/unity/build/artifacts/generated/common/runtime/UnityEngineDebugBindings.gen.cpp Line: 42)

--->TryChangeResolutionAndDisplayMode(2, Windowed) already at desired display mode, only changing resolution.
 
(Filename: /home/builduser/buildslave/unity/build/artifacts/generated/common/runtime/UnityEngineDebugBindings.gen.cpp Line: 42)

--->TryChangeResolution(2)...
 
(Filename: /home/builduser/buildslave/unity/build/artifacts/generated/common/runtime/UnityEngineDebugBindings.gen.cpp Line: 42)

--->GetDesktopResolution() returning 3840x2160
 
(Filename: /home/builduser/buildslave/unity/build/artifacts/generated/common/runtime/UnityEngineDebugBindings.gen.cpp Line: 42)

--->GetCorrectWindowedDisplayMode() returning Fullscreen
 
(Filename: /home/builduser/buildslave/unity/build/artifacts/generated/common/runtime/UnityEngineDebugBindings.gen.cpp Line: 42)

--->TryChangeResolution(2) need to change display mode an resolution, not just resolution.
 
(Filename: /home/builduser/buildslave/unity/build/artifacts/generated/common/runtime/UnityEngineDebugBindings.gen.cpp Line: 42)

--->TryChangeResolutionAndDisplayMode(2, Fullscreen)...
 
(Filename: /home/builduser/buildslave/unity/build/artifacts/generated/common/runtime/UnityEngineDebugBindings.gen.cpp Line: 42)

--->TryChangeResolutionAndDisplayMode(2, Fullscreen) _currentResolutionIndex is 4, _currentDisplayMode is Windowed
 
(Filename: /home/builduser/buildslave/unity/build/artifacts/generated/common/runtime/UnityEngineDebugBindings.gen.cpp Line: 42)

--->ChangeResolutionAndDisplayModeRoutine( 2, Fullscreen, True )...
 
(Filename: /home/builduser/buildslave/unity/build/artifacts/generated/common/runtime/UnityEngineDebugBindings.gen.cpp Line: 42)

--->ChangeResolutionAndDisplayModeRoutine( 2, Fullscreen, True ) _currentResolutionIndex is 4_currentResolutionIndex is 4
 
(Filename: /home/builduser/buildslave/unity/build/artifacts/generated/common/runtime/UnityEngineDebugBindings.gen.cpp Line: 42)

Saving Current Display Mode: Fullscreen
 
(Filename: /home/builduser/buildslave/unity/build/artifacts/generated/common/runtime/UnityEngineDebugBindings.gen.cpp Line: 42)

Saving Resolution Index: 2(3840x2160)
 
(Filename: /home/builduser/buildslave/unity/build/artifacts/generated/common/runtime/UnityEngineDebugBindings.gen.cpp Line: 42)

--->ChangeResolutionAndDisplayModeRoutine( 2, Fullscreen, True ) calling Screen.SetResolution(3840, 2160, True).
 
(Filename: /home/builduser/buildslave/unity/build/artifacts/generated/common/runtime/UnityEngineDebugBindings.gen.cpp Line: 42)

--->TryChangeResolutionAndDisplayMode(2, Fullscreen) returning true.
 
(Filename: /home/builduser/buildslave/unity/build/artifacts/generated/common/runtime/UnityEngineDebugBindings.gen.cpp Line: 42)

requesting resize 3840 x 2160
Using native desktop resolution 3840 x 2160
requesting fullscreen 3840 x 2160 at 0 Hz
Desktop is 3840 x 2160 @ 60 Hz
Saving UnityScreenManager Settings X:3840 Y:2160 Fullscreen: True(Fullscreen)
 
(Filename: /home/builduser/buildslave/unity/build/artifacts/generated/common/runtime/UnityEngineDebugBindings.gen.cpp Line: 42)

Changing real window size to 3840 x 2160
Changing real window size to 3840 x 2160
GameState Render Texture recreated frame count lost: 1
 
(Filename: /home/builduser/buildslave/unity/build/artifacts/generated/common/runtime/UnityEngineDebugBindings.gen.cpp Line: 42)

ASYNC LOADING OF INGAMEGLOBAL.PREFAB COMPLETED. TOTAL TIME = 18.40756 seconds.
 
(Filename: /home/builduser/buildslave/unity/build/artifacts/generated/common/runtime/UnityEngineDebugBindings.gen.cpp Line: 42)

ASYNC LOADING OF CLASSBASEDINSTRUCTIONSETS COMPLETED. TOTAL TIME = 18.33019 seconds.
 
(Filename: /home/builduser/buildslave/unity/build/artifacts/generated/common/runtime/UnityEngineDebugBindings.gen.cpp Line: 42)

ASYNC LOADING OF RECIPES COMPLETED. TOTAL TIME = 19.76632 seconds.
 
(Filename: /home/builduser/buildslave/unity/build/artifacts/generated/common/runtime/UnityEngineDebugBindings.gen.cpp Line: 42)

--->MatchResolutionToIndex(2560x1440) returning 4
 
(Filename: /home/builduser/buildslave/unity/build/artifacts/generated/common/runtime/UnityEngineDebugBindings.gen.cpp Line: 42)

--->TryChangeResolutionAndDisplayMode(4, Windowed)...
 
(Filename: /home/builduser/buildslave/unity/build/artifacts/generated/common/runtime/UnityEngineDebugBindings.gen.cpp Line: 42)

--->TryChangeResolutionAndDisplayMode(4, Windowed) _currentResolutionIndex is 2, _currentDisplayMode is Fullscreen
 
(Filename: /home/builduser/buildslave/unity/build/artifacts/generated/common/runtime/UnityEngineDebugBindings.gen.cpp Line: 42)

--->ChangeResolutionAndDisplayModeRoutine( 4, Windowed, True )...
 
(Filename: /home/builduser/buildslave/unity/build/artifacts/generated/common/runtime/UnityEngineDebugBindings.gen.cpp Line: 42)

--->ChangeResolutionAndDisplayModeRoutine( 4, Windowed, True ) _currentResolutionIndex is 2_currentResolutionIndex is 2
 
(Filename: /home/builduser/buildslave/unity/build/artifacts/generated/common/runtime/UnityEngineDebugBindings.gen.cpp Line: 42)

Saving Current Display Mode: Windowed
 
(Filename: /home/builduser/buildslave/unity/build/artifacts/generated/common/runtime/UnityEngineDebugBindings.gen.cpp Line: 42)

Saving Resolution Index: 4(2560x1440)
 
(Filename: /home/builduser/buildslave/unity/build/artifacts/generated/common/runtime/UnityEngineDebugBindings.gen.cpp Line: 42)

--->ChangeResolutionAndDisplayModeRoutine( 4, Windowed, True ) calling Screen.SetResolution(2560, 1440, False).
 
(Filename: /home/builduser/buildslave/unity/build/artifacts/generated/common/runtime/UnityEngineDebugBindings.gen.cpp Line: 42)

--->TryChangeResolutionAndDisplayMode(4, Windowed) returning true.
 
(Filename: /home/builduser/buildslave/unity/build/artifacts/generated/common/runtime/UnityEngineDebugBindings.gen.cpp Line: 42)

requesting resize 2560 x 1440
resizing window to 2560 x 1440
Desktop is 3840 x 2160 @ 60 Hz
--->GetDesktopResolution() returning 3840x2160
 
(Filename: /home/builduser/buildslave/unity/build/artifacts/generated/common/runtime/UnityEngineDebugBindings.gen.cpp Line: 42)

--->GetCorrectWindowedDisplayMode() returning Windowed
 
(Filename: /home/builduser/buildslave/unity/build/artifacts/generated/common/runtime/UnityEngineDebugBindings.gen.cpp Line: 42)

Saving Current Display Mode: Windowed
 
(Filename: /home/builduser/buildslave/unity/build/artifacts/generated/common/runtime/UnityEngineDebugBindings.gen.cpp Line: 42)

Saving UnityScreenManager Settings X:2560 Y:1440 Fullscreen: False(Windowed)
 
(Filename: /home/builduser/buildslave/unity/build/artifacts/generated/common/runtime/UnityEngineDebugBindings.gen.cpp Line: 42)

GameState Render Texture recreated frame count lost: 1
 
(Filename: /home/builduser/buildslave/unity/build/artifacts/generated/common/runtime/UnityEngineDebugBindings.gen.cpp Line: 42)

Unable to access the news system from the feed manager. Check your internet connection and try again.
 
(Filename: /home/builduser/buildslave/unity/build/artifacts/generated/common/runtime/UnityEngineDebugBindings.gen.cpp Line: 42)

QuerySomethingChanged() Something changed
 
(Filename: /home/builduser/buildslave/unity/build/artifacts/generated/common/runtime/UnityEngineDebugBindings.gen.cpp Line: 42)

--->MatchResolutionToIndex(3840x2061) returning 2
 
(Filename: /home/builduser/buildslave/unity/build/artifacts/generated/common/runtime/UnityEngineDebugBindings.gen.cpp Line: 42)

--->TryChangeResolutionAndDisplayMode(2, Windowed)...
 
(Filename: /home/builduser/buildslave/unity/build/artifacts/generated/common/runtime/UnityEngineDebugBindings.gen.cpp Line: 42)

--->TryChangeResolutionAndDisplayMode(2, Windowed) _currentResolutionIndex is 4, _currentDisplayMode is Windowed
 
(Filename: /home/builduser/buildslave/unity/build/artifacts/generated/common/runtime/UnityEngineDebugBindings.gen.cpp Line: 42)

--->TryChangeResolutionAndDisplayMode(2, Windowed) already at desired display mode, only changing resolution.
 
(Filename: /home/builduser/buildslave/unity/build/artifacts/generated/common/runtime/UnityEngineDebugBindings.gen.cpp Line: 42)

--->TryChangeResolution(2)...
 
(Filename: /home/builduser/buildslave/unity/build/artifacts/generated/common/runtime/UnityEngineDebugBindings.gen.cpp Line: 42)

--->GetDesktopResolution() returning 3840x2160
 
(Filename: /home/builduser/buildslave/unity/build/artifacts/generated/common/runtime/UnityEngineDebugBindings.gen.cpp Line: 42)

--->GetCorrectWindowedDisplayMode() returning Fullscreen
 
(Filename: /home/builduser/buildslave/unity/build/artifacts/generated/common/runtime/UnityEngineDebugBindings.gen.cpp Line: 42)

--->TryChangeResolution(2) need to change display mode an resolution, not just resolution.
 
(Filename: /home/builduser/buildslave/unity/build/artifacts/generated/common/runtime/UnityEngineDebugBindings.gen.cpp Line: 42)

--->TryChangeResolutionAndDisplayMode(2, Fullscreen)...
 
(Filename: /home/builduser/buildslave/unity/build/artifacts/generated/common/runtime/UnityEngineDebugBindings.gen.cpp Line: 42)

--->TryChangeResolutionAndDisplayMode(2, Fullscreen) _currentResolutionIndex is 4, _currentDisplayMode is Windowed
 
(Filename: /home/builduser/buildslave/unity/build/artifacts/generated/common/runtime/UnityEngineDebugBindings.gen.cpp Line: 42)

--->ChangeResolutionAndDisplayModeRoutine( 2, Fullscreen, True )...
 
(Filename: /home/builduser/buildslave/unity/build/artifacts/generated/common/runtime/UnityEngineDebugBindings.gen.cpp Line: 42)

--->ChangeResolutionAndDisplayModeRoutine( 2, Fullscreen, True ) _currentResolutionIndex is 4_currentResolutionIndex is 4
 
(Filename: /home/builduser/buildslave/unity/build/artifacts/generated/common/runtime/UnityEngineDebugBindings.gen.cpp Line: 42)

Saving Current Display Mode: Fullscreen
 
(Filename: /home/builduser/buildslave/unity/build/artifacts/generated/common/runtime/UnityEngineDebugBindings.gen.cpp Line: 42)

Saving Resolution Index: 2(3840x2160)
 
(Filename: /home/builduser/buildslave/unity/build/artifacts/generated/common/runtime/UnityEngineDebugBindings.gen.cpp Line: 42)

--->ChangeResolutionAndDisplayModeRoutine( 2, Fullscreen, True ) calling Screen.SetResolution(3840, 2160, True).
 
(Filename: /home/builduser/buildslave/unity/build/artifacts/generated/common/runtime/UnityEngineDebugBindings.gen.cpp Line: 42)

--->TryChangeResolutionAndDisplayMode(2, Fullscreen) returning true.
 
(Filename: /home/builduser/buildslave/unity/build/artifacts/generated/common/runtime/UnityEngineDebugBindings.gen.cpp Line: 42)

requesting resize 3840 x 2160
Using native desktop resolution 3840 x 2160
requesting fullscreen 3840 x 2160 at 0 Hz
Desktop is 3840 x 2160 @ 60 Hz
Saving UnityScreenManager Settings X:3840 Y:2160 Fullscreen: True(Fullscreen)
 
(Filename: /home/builduser/buildslave/unity/build/artifacts/generated/common/runtime/UnityEngineDebugBindings.gen.cpp Line: 42)

Changing real window size to 3840 x 2160
Changing real window size to 3840 x 2160
GameState Render Texture recreated frame count lost: 1
 
(Filename: /home/builduser/buildslave/unity/build/artifacts/generated/common/runtime/UnityEngineDebugBindings.gen.cpp Line: 42)

GameOptions: Difficulty being changed: [Easy] -> [Easy]
 
(Filename: /home/builduser/buildslave/unity/build/artifacts/generated/common/runtime/UnityEngineDebugBindings.gen.cpp Line: 42)

GameOptions: Difficulty being changed: [Easy] -> [Easy]
 
(Filename: /home/builduser/buildslave/unity/build/artifacts/generated/common/runtime/UnityEngineDebugBindings.gen.cpp Line: 42)

--->MatchResolutionToIndex(2560x1440) returning 4
 
(Filename: /home/builduser/buildslave/unity/build/artifacts/generated/common/runtime/UnityEngineDebugBindings.gen.cpp Line: 42)

--->TryChangeResolutionAndDisplayMode(4, Fullscreen)...
 
(Filename: /home/builduser/buildslave/unity/build/artifacts/generated/common/runtime/UnityEngineDebugBindings.gen.cpp Line: 42)

--->TryChangeResolutionAndDisplayMode(4, Fullscreen) _currentResolutionIndex is 2, _currentDisplayMode is Fullscreen
 
(Filename: /home/builduser/buildslave/unity/build/artifacts/generated/common/runtime/UnityEngineDebugBindings.gen.cpp Line: 42)

--->TryChangeResolutionAndDisplayMode(4, Fullscreen) already at desired display mode, only changing resolution.
 
(Filename: /home/builduser/buildslave/unity/build/artifacts/generated/common/runtime/UnityEngineDebugBindings.gen.cpp Line: 42)

--->TryChangeResolution(4)...
 
(Filename: /home/builduser/buildslave/unity/build/artifacts/generated/common/runtime/UnityEngineDebugBindings.gen.cpp Line: 42)

--->ChangeResolutionRoutine( 4, True ) _currentResolutionIndex is 2
 
(Filename: /home/builduser/buildslave/unity/build/artifacts/generated/common/runtime/UnityEngineDebugBindings.gen.cpp Line: 42)

Saving Resolution Index: 4(2560x1440)
 
(Filename: /home/builduser/buildslave/unity/build/artifacts/generated/common/runtime/UnityEngineDebugBindings.gen.cpp Line: 42)

--->ChangeResolutionRoutine( 4, True ) calling Screen.SetResolution(2560, 1440, True).
 
(Filename: /home/builduser/buildslave/unity/build/artifacts/generated/common/runtime/UnityEngineDebugBindings.gen.cpp Line: 42)

--->TryChangeResolution(4) returning true.
 
(Filename: /home/builduser/buildslave/unity/build/artifacts/generated/common/runtime/UnityEngineDebugBindings.gen.cpp Line: 42)

GameOptions: Difficulty being changed: [Easy] -> [Easy]
 
(Filename: /home/builduser/buildslave/unity/build/artifacts/generated/common/runtime/UnityEngineDebugBindings.gen.cpp Line: 42)

requesting resize 2560 x 1440
requesting fullscreen 2560 x 1440 at 0 Hz
Desktop is 3840 x 2160 @ 60 Hz
Saving UnityScreenManager Settings X:2560 Y:1440 Fullscreen: True(Fullscreen)
 
(Filename: /home/builduser/buildslave/unity/build/artifacts/generated/common/runtime/UnityEngineDebugBindings.gen.cpp Line: 42)

GameState Render Texture recreated frame count lost: 1
 
(Filename: /home/builduser/buildslave/unity/build/artifacts/generated/common/runtime/UnityEngineDebugBindings.gen.cpp Line: 42)

--->MatchResolutionToIndex(3840x2160) returning 2
 
(Filename: /home/builduser/buildslave/unity/build/artifacts/generated/common/runtime/UnityEngineDebugBindings.gen.cpp Line: 42)

--->TryChangeResolutionAndDisplayMode(2, Fullscreen)...
 
(Filename: /home/builduser/buildslave/unity/build/artifacts/generated/common/runtime/UnityEngineDebugBindings.gen.cpp Line: 42)

--->TryChangeResolutionAndDisplayMode(2, Fullscreen) _currentResolutionIndex is 4, _currentDisplayMode is Fullscreen
 
(Filename: /home/builduser/buildslave/unity/build/artifacts/generated/common/runtime/UnityEngineDebugBindings.gen.cpp Line: 42)

--->TryChangeResolutionAndDisplayMode(2, Fullscreen) already at desired display mode, only changing resolution.
 
(Filename: /home/builduser/buildslave/unity/build/artifacts/generated/common/runtime/UnityEngineDebugBindings.gen.cpp Line: 42)

--->TryChangeResolution(2)...
 
(Filename: /home/builduser/buildslave/unity/build/artifacts/generated/common/runtime/UnityEngineDebugBindings.gen.cpp Line: 42)

--->ChangeResolutionRoutine( 2, True ) _currentResolutionIndex is 4
 
(Filename: /home/builduser/buildslave/unity/build/artifacts/generated/common/runtime/UnityEngineDebugBindings.gen.cpp Line: 42)

Saving Resolution Index: 2(3840x2160)
 
(Filename: /home/builduser/buildslave/unity/build/artifacts/generated/common/runtime/UnityEngineDebugBindings.gen.cpp Line: 42)

--->ChangeResolutionRoutine( 2, True ) calling Screen.SetResolution(3840, 2160, True).
 
(Filename: /home/builduser/buildslave/unity/build/artifacts/generated/common/runtime/UnityEngineDebugBindings.gen.cpp Line: 42)

--->TryChangeResolution(2) returning true.
 
(Filename: /home/builduser/buildslave/unity/build/artifacts/generated/common/runtime/UnityEngineDebugBindings.gen.cpp Line: 42)

requesting resize 3840 x 2160
Using native desktop resolution 3840 x 2160
requesting fullscreen 3840 x 2160 at 0 Hz
Desktop is 3840 x 2160 @ 60 Hz
Saving UnityScreenManager Settings X:3840 Y:2160 Fullscreen: True(Fullscreen)
 
(Filename: /home/builduser/buildslave/unity/build/artifacts/generated/common/runtime/UnityEngineDebugBindings.gen.cpp Line: 42)

GameState Render Texture recreated frame count lost: 1
 
(Filename: /home/builduser/buildslave/unity/build/artifacts/generated/common/runtime/UnityEngineDebugBindings.gen.cpp Line: 42)

--->MatchResolutionToIndex(3840x2160) returning 2
 
(Filename: /home/builduser/buildslave/unity/build/artifacts/generated/common/runtime/UnityEngineDebugBindings.gen.cpp Line: 42)

--->TryChangeResolutionAndDisplayMode(2, Fullscreen)...
 
(Filename: /home/builduser/buildslave/unity/build/artifacts/generated/common/runtime/UnityEngineDebugBindings.gen.cpp Line: 42)

--->TryChangeResolutionAndDisplayMode(2, Fullscreen) _currentResolutionIndex is 2, _currentDisplayMode is Fullscreen
 
(Filename: /home/builduser/buildslave/unity/build/artifacts/generated/common/runtime/UnityEngineDebugBindings.gen.cpp Line: 42)

--->TryChangeResolutionAndDisplayMode(2, Fullscreen) already at desired resolution, only changing display mode.
 
(Filename: /home/builduser/buildslave/unity/build/artifacts/generated/common/runtime/UnityEngineDebugBindings.gen.cpp Line: 42)

--->TryChangeDisplayMode(Fullscreen)...
 
(Filename: /home/builduser/buildslave/unity/build/artifacts/generated/common/runtime/UnityEngineDebugBindings.gen.cpp Line: 42)

--->TryChangeDisplayMode(Fullscreen) _currentDisplayMode is Fullscreen
 
(Filename: /home/builduser/buildslave/unity/build/artifacts/generated/common/runtime/UnityEngineDebugBindings.gen.cpp Line: 42)

--->TryChangeDisplayMode(Fullscreen) _currentDisplayMode already correct - nothing to do.
 
(Filename: /home/builduser/buildslave/unity/build/artifacts/generated/common/runtime/UnityEngineDebugBindings.gen.cpp Line: 42)

Unable to access the news system from the feed manager. Check your internet connection and try again.
 
(Filename: /home/builduser/buildslave/unity/build/artifacts/generated/common/runtime/UnityEngineDebugBindings.gen.cpp Line: 42)

GameOptions: Difficulty being changed: [Easy] -> [Easy]
 
(Filename: /home/builduser/buildslave/unity/build/artifacts/generated/common/runtime/UnityEngineDebugBindings.gen.cpp Line: 42)

GameOptions: Difficulty being changed: [Easy] -> [Easy]
 
(Filename: /home/builduser/buildslave/unity/build/artifacts/generated/common/runtime/UnityEngineDebugBindings.gen.cpp Line: 42)

--->MatchResolutionToIndex(3840x2160) returning 2
 
(Filename: /home/builduser/buildslave/unity/build/artifacts/generated/common/runtime/UnityEngineDebugBindings.gen.cpp Line: 42)

--->TryChangeResolutionAndDisplayMode(2, Fullscreen)...
 
(Filename: /home/builduser/buildslave/unity/build/artifacts/generated/common/runtime/UnityEngineDebugBindings.gen.cpp Line: 42)

--->TryChangeResolutionAndDisplayMode(2, Fullscreen) _currentResolutionIndex is 2, _currentDisplayMode is Fullscreen
 
(Filename: /home/builduser/buildslave/unity/build/artifacts/generated/common/runtime/UnityEngineDebugBindings.gen.cpp Line: 42)

--->TryChangeResolutionAndDisplayMode(2, Fullscreen) already at desired resolution, only changing display mode.
 
(Filename: /home/builduser/buildslave/unity/build/artifacts/generated/common/runtime/UnityEngineDebugBindings.gen.cpp Line: 42)

--->TryChangeDisplayMode(Fullscreen)...
 
(Filename: /home/builduser/buildslave/unity/build/artifacts/generated/common/runtime/UnityEngineDebugBindings.gen.cpp Line: 42)

--->TryChangeDisplayMode(Fullscreen) _currentDisplayMode is Fullscreen
 
(Filename: /home/builduser/buildslave/unity/build/artifacts/generated/common/runtime/UnityEngineDebugBindings.gen.cpp Line: 42)

--->TryChangeDisplayMode(Fullscreen) _currentDisplayMode already correct - nothing to do.
 
(Filename: /home/builduser/buildslave/unity/build/artifacts/generated/common/runtime/UnityEngineDebugBindings.gen.cpp Line: 42)

GameOptions: Difficulty being changed: [Easy] -> [Easy]
 
(Filename: /home/builduser/buildslave/unity/build/artifacts/generated/common/runtime/UnityEngineDebugBindings.gen.cpp Line: 42)

--->MatchResolutionToIndex(3840x2160) returning 2
 
(Filename: /home/builduser/buildslave/unity/build/artifacts/generated/common/runtime/UnityEngineDebugBindings.gen.cpp Line: 42)

--->TryChangeResolutionAndDisplayMode(2, Fullscreen)...
 
(Filename: /home/builduser/buildslave/unity/build/artifacts/generated/common/runtime/UnityEngineDebugBindings.gen.cpp Line: 42)

--->TryChangeResolutionAndDisplayMode(2, Fullscreen) _currentResolutionIndex is 2, _currentDisplayMode is Fullscreen
 
(Filename: /home/builduser/buildslave/unity/build/artifacts/generated/common/runtime/UnityEngineDebugBindings.gen.cpp Line: 42)

--->TryChangeResolutionAndDisplayMode(2, Fullscreen) already at desired resolution, only changing display mode.
 
(Filename: /home/builduser/buildslave/unity/build/artifacts/generated/common/runtime/UnityEngineDebugBindings.gen.cpp Line: 42)

--->TryChangeDisplayMode(Fullscreen)...
 
(Filename: /home/builduser/buildslave/unity/build/artifacts/generated/common/runtime/UnityEngineDebugBindings.gen.cpp Line: 42)

--->TryChangeDisplayMode(Fullscreen) _currentDisplayMode is Fullscreen
 
(Filename: /home/builduser/buildslave/unity/build/artifacts/generated/common/runtime/UnityEngineDebugBindings.gen.cpp Line: 42)

--->TryChangeDisplayMode(Fullscreen) _currentDisplayMode already correct - nothing to do.
 
(Filename: /home/builduser/buildslave/unity/build/artifacts/generated/common/runtime/UnityEngineDebugBindings.gen.cpp Line: 42)

--->MatchResolutionToIndex(3840x2160) returning 2
 
(Filename: /home/builduser/buildslave/unity/build/artifacts/generated/common/runtime/UnityEngineDebugBindings.gen.cpp Line: 42)

--->TryChangeResolutionAndDisplayMode(2, Windowed)...
 
(Filename: /home/builduser/buildslave/unity/build/artifacts/generated/common/runtime/UnityEngineDebugBindings.gen.cpp Line: 42)

--->TryChangeResolutionAndDisplayMode(2, Windowed) _currentResolutionIndex is 2, _currentDisplayMode is Fullscreen
 
(Filename: /home/builduser/buildslave/unity/build/artifacts/generated/common/runtime/UnityEngineDebugBindings.gen.cpp Line: 42)

--->TryChangeResolutionAndDisplayMode(2, Windowed) already at desired resolution, only changing display mode.
 
(Filename: /home/builduser/buildslave/unity/build/artifacts/generated/common/runtime/UnityEngineDebugBindings.gen.cpp Line: 42)

--->TryChangeDisplayMode(Windowed)...
 
(Filename: /home/builduser/buildslave/unity/build/artifacts/generated/common/runtime/UnityEngineDebugBindings.gen.cpp Line: 42)

--->TryChangeDisplayMode(Windowed) _currentDisplayMode is Fullscreen
 
(Filename: /home/builduser/buildslave/unity/build/artifacts/generated/common/runtime/UnityEngineDebugBindings.gen.cpp Line: 42)

--->GetDesktopResolution() returning 3840x2160
 
(Filename: /home/builduser/buildslave/unity/build/artifacts/generated/common/runtime/UnityEngineDebugBindings.gen.cpp Line: 42)

--->GetCorrectWindowedDisplayMode() returning Fullscreen
 
(Filename: /home/builduser/buildslave/unity/build/artifacts/generated/common/runtime/UnityEngineDebugBindings.gen.cpp Line: 42)

--->TryChangeDisplayMode(Fullscreen) _currentDisplayMode already correct - nothing to do.
 
(Filename: /home/builduser/buildslave/unity/build/artifacts/generated/common/runtime/UnityEngineDebugBindings.gen.cpp Line: 42)

--->MatchResolutionToIndex(3840x2160) returning 2
 
(Filename: /home/builduser/buildslave/unity/build/artifacts/generated/common/runtime/UnityEngineDebugBindings.gen.cpp Line: 42)

--->TryChangeResolutionAndDisplayMode(2, Fullscreen)...
 
(Filename: /home/builduser/buildslave/unity/build/artifacts/generated/common/runtime/UnityEngineDebugBindings.gen.cpp Line: 42)

--->TryChangeResolutionAndDisplayMode(2, Fullscreen) _currentResolutionIndex is 2, _currentDisplayMode is Fullscreen
 
(Filename: /home/builduser/buildslave/unity/build/artifacts/generated/common/runtime/UnityEngineDebugBindings.gen.cpp Line: 42)

--->TryChangeResolutionAndDisplayMode(2, Fullscreen) already at desired resolution, only changing display mode.
 
(Filename: /home/builduser/buildslave/unity/build/artifacts/generated/common/runtime/UnityEngineDebugBindings.gen.cpp Line: 42)

--->TryChangeDisplayMode(Fullscreen)...
 
(Filename: /home/builduser/buildslave/unity/build/artifacts/generated/common/runtime/UnityEngineDebugBindings.gen.cpp Line: 42)

--->TryChangeDisplayMode(Fullscreen) _currentDisplayMode is Fullscreen
 
(Filename: /home/builduser/buildslave/unity/build/artifacts/generated/common/runtime/UnityEngineDebugBindings.gen.cpp Line: 42)

--->TryChangeDisplayMode(Fullscreen) _currentDisplayMode already correct - nothing to do.
 
(Filename: /home/builduser/buildslave/unity/build/artifacts/generated/common/runtime/UnityEngineDebugBindings.gen.cpp Line: 42)

--->MatchResolutionToIndex(3840x2160) returning 2
 
(Filename: /home/builduser/buildslave/unity/build/artifacts/generated/common/runtime/UnityEngineDebugBindings.gen.cpp Line: 42)

--->TryChangeResolutionAndDisplayMode(2, Fullscreen)...
 
(Filename: /home/builduser/buildslave/unity/build/artifacts/generated/common/runtime/UnityEngineDebugBindings.gen.cpp Line: 42)

--->TryChangeResolutionAndDisplayMode(2, Fullscreen) _currentResolutionIndex is 2, _currentDisplayMode is Fullscreen
 
(Filename: /home/builduser/buildslave/unity/build/artifacts/generated/common/runtime/UnityEngineDebugBindings.gen.cpp Line: 42)

--->TryChangeResolutionAndDisplayMode(2, Fullscreen) already at desired resolution, only changing display mode.
 
(Filename: /home/builduser/buildslave/unity/build/artifacts/generated/common/runtime/UnityEngineDebugBindings.gen.cpp Line: 42)

--->TryChangeDisplayMode(Fullscreen)...
 
(Filename: /home/builduser/buildslave/unity/build/artifacts/generated/common/runtime/UnityEngineDebugBindings.gen.cpp Line: 42)

--->TryChangeDisplayMode(Fullscreen) _currentDisplayMode is Fullscreen
 
(Filename: /home/builduser/buildslave/unity/build/artifacts/generated/common/runtime/UnityEngineDebugBindings.gen.cpp Line: 42)

--->TryChangeDisplayMode(Fullscreen) _currentDisplayMode already correct - nothing to do.
 
(Filename: /home/builduser/buildslave/unity/build/artifacts/generated/common/runtime/UnityEngineDebugBindings.gen.cpp Line: 42)

Unable to access the news system from the feed manager. Check your internet connection and try again.
 
(Filename: /home/builduser/buildslave/unity/build/artifacts/generated/common/runtime/UnityEngineDebugBindings.gen.cpp Line: 42)

GameOptions: Difficulty being changed: [Easy] -> [Easy]
 
(Filename: /home/builduser/buildslave/unity/build/artifacts/generated/common/runtime/UnityEngineDebugBindings.gen.cpp Line: 42)

GameOptions: Difficulty being changed: [Easy] -> [Easy]
 
(Filename: /home/builduser/buildslave/unity/build/artifacts/generated/common/runtime/UnityEngineDebugBindings.gen.cpp Line: 42)

--->MatchResolutionToIndex(3840x2160) returning 2
 
(Filename: /home/builduser/buildslave/unity/build/artifacts/generated/common/runtime/UnityEngineDebugBindings.gen.cpp Line: 42)

--->TryChangeResolutionAndDisplayMode(2, Fullscreen)...
 
(Filename: /home/builduser/buildslave/unity/build/artifacts/generated/common/runtime/UnityEngineDebugBindings.gen.cpp Line: 42)

--->TryChangeResolutionAndDisplayMode(2, Fullscreen) _currentResolutionIndex is 2, _currentDisplayMode is Fullscreen
 
(Filename: /home/builduser/buildslave/unity/build/artifacts/generated/common/runtime/UnityEngineDebugBindings.gen.cpp Line: 42)

--->TryChangeResolutionAndDisplayMode(2, Fullscreen) already at desired resolution, only changing display mode.
 
(Filename: /home/builduser/buildslave/unity/build/artifacts/generated/common/runtime/UnityEngineDebugBindings.gen.cpp Line: 42)

--->TryChangeDisplayMode(Fullscreen)...
 
(Filename: /home/builduser/buildslave/unity/build/artifacts/generated/common/runtime/UnityEngineDebugBindings.gen.cpp Line: 42)

--->TryChangeDisplayMode(Fullscreen) _currentDisplayMode is Fullscreen
 
(Filename: /home/builduser/buildslave/unity/build/artifacts/generated/common/runtime/UnityEngineDebugBindings.gen.cpp Line: 42)

--->TryChangeDisplayMode(Fullscreen) _currentDisplayMode already correct - nothing to do.
 
(Filename: /home/builduser/buildslave/unity/build/artifacts/generated/common/runtime/UnityEngineDebugBindings.gen.cpp Line: 42)

GameOptions: Difficulty being changed: [Easy] -> [Easy]
 
(Filename: /home/builduser/buildslave/unity/build/artifacts/generated/common/runtime/UnityEngineDebugBindings.gen.cpp Line: 42)

--->MatchResolutionToIndex(3840x2160) returning 2
 
(Filename: /home/builduser/buildslave/unity/build/artifacts/generated/common/runtime/UnityEngineDebugBindings.gen.cpp Line: 42)

--->TryChangeResolutionAndDisplayMode(2, Fullscreen)...
 
(Filename: /home/builduser/buildslave/unity/build/artifacts/generated/common/runtime/UnityEngineDebugBindings.gen.cpp Line: 42)

--->TryChangeResolutionAndDisplayMode(2, Fullscreen) _currentResolutionIndex is 2, _currentDisplayMode is Fullscreen
 
(Filename: /home/builduser/buildslave/unity/build/artifacts/generated/common/runtime/UnityEngineDebugBindings.gen.cpp Line: 42)

--->TryChangeResolutionAndDisplayMode(2, Fullscreen) already at desired resolution, only changing display mode.
 
(Filename: /home/builduser/buildslave/unity/build/artifacts/generated/common/runtime/UnityEngineDebugBindings.gen.cpp Line: 42)

--->TryChangeDisplayMode(Fullscreen)...
 
(Filename: /home/builduser/buildslave/unity/build/artifacts/generated/common/runtime/UnityEngineDebugBindings.gen.cpp Line: 42)

--->TryChangeDisplayMode(Fullscreen) _currentDisplayMode is Fullscreen
 
(Filename: /home/builduser/buildslave/unity/build/artifacts/generated/common/runtime/UnityEngineDebugBindings.gen.cpp Line: 42)

--->TryChangeDisplayMode(Fullscreen) _currentDisplayMode already correct - nothing to do.
 
(Filename: /home/builduser/buildslave/unity/build/artifacts/generated/common/runtime/UnityEngineDebugBindings.gen.cpp Line: 42)

Unable to access the news system from the feed manager. Check your internet connection and try again.
 
(Filename: /home/builduser/buildslave/unity/build/artifacts/generated/common/runtime/UnityEngineDebugBindings.gen.cpp Line: 42)

Setting up 1 worker threads for Enlighten.
  Thread -> id: 7f37500c4640 -> priority: 1 
GAMERESOURCES.CLEARASSETREFERENCES: CALLING RESOURCES.UNLOADUNUSEDASSETS
 
(Filename: /home/builduser/buildslave/unity/build/artifacts/generated/common/runtime/UnityEngineDebugBindings.gen.cpp Line: 42)

GAMERESOURCES.CLEARASSETREFERENCES: CALLING SYSTEM.GC.COLLECT
 
(Filename: /home/builduser/buildslave/unity/build/artifacts/generated/common/runtime/UnityEngineDebugBindings.gen.cpp Line: 42)

POPSLog: Shutdown complete
 
(Filename: /home/builduser/buildslave/unity/build/artifacts/generated/common/runtime/UnityEngineDebugBindings.gen.cpp Line: 42)

POPS SDK error: Shutdown complete
 
(Filename: /home/builduser/buildslave/unity/build/artifacts/generated/common/runtime/UnityEngineDebugBindings.gen.cpp Line: 42)

